{
  "RSpec": {
    "coverage": {
      "/Users/nandinipatel/code/SmartP-Test/spec/parse_spec.rb": {
        "lines": [
          1,
          null,
          null,
          1,
          null,
          1,
          1,
          1,
          null,
          null,
          null,
          1,
          1,
          1,
          1,
          null,
          null,
          null,
          1,
          1,
          1,
          1,
          null,
          null,
          null,
          null
        ]
      },
      "/Users/nandinipatel/code/SmartP-Test/lib/parse.rb": {
        "lines": [
          1,
          null,
          1,
          null,
          1,
          3,
          3,
          3,
          null,
          null,
          1,
          3,
          1500,
          null,
          1503,
          null,
          null,
          1,
          1,
          501,
          501,
          7,
          null,
          null,
          1,
          1,
          136,
          136,
          7,
          null,
          null
        ]
      }
    },
    "timestamp": 1581935957
  }
}
